Ждем соединений..Ждем соединений..Ждем соединений..прислано update..C:\Users\Виктор\Documents\Visual Studio 2015\Projects\Catpost VK Content\Catpost VK Content\bin\Debug\Ждем соединений..Ждем соединений..прислано update..C:\Users\Виктор\Documents\Visual Studio 2015\Projects\Catpost VK Content\Catpost VK Content\bin\Debug\Ждем соединений..прислано update..C:\Users\Виктор\Documents\Visual Studio 2015\Projects\Catpost VK Content\Catpost VK Content\bin\Debug\2,5Ждем соединений..прислано update..C:\Users\Виктор\Documents\Visual Studio 2015\Projects\Catpost VK Content\Catpost VK Content\bin\Debug\Ждем соединений..прислано update..C:\Users\Виктор\Documents\Visual Studio 2015\Projects\Catpost VK Content\Catpost VK Content\bin\Debug\2,5Catpost VK Content.vshost.exeЖдем соединений..прислано update..C:\Users\Виктор\Documents\Visual Studio 2015\Projects\Catpost VK Content\Catpost VK Content\bin\Debug\2,5Catpost VK Content.vshost.exeЖдем соединений..прислано update..C:\Users\Виктор\Documents\Visual Studio 2015\Projects\Catpost VK Content\Catpost VK Content\bin\Debug\2,5Catpost VK Content.vshost.exeЖдем соединений..прислано update..C:\Users\Виктор\Documents\Visual Studio 2015\Projects\Catpost VK Content\Catpost VK Content\bin\Debug\2,5Catpost VK Content.vshost.exeЖдем соединений..Ждем соединений..Ждем соединений..прислано update..C:\Users\Виктор\Documents\Visual Studio 2015\Projects\Catpost VK Content\Catpost VK Content\bin\Debug\2,5Catpost VK Content.vshost.exeЖдем соединений..Ждем соединений..Ждем соединений..Ждем соединений..прислано update..C:\Users\Виктор\Documents\Visual Studio 2015\Projects\Catpost VK Content\Catpost VK Content\bin\Debug\2,4Catpost VK Content.vshost.exeЖдем соединений..прислано update..C:\Users\Виктор\Documents\Visual Studio 2015\Projects\Catpost VK Content\Catpost VK Content\bin\Debug\2,4Catpost VK ContentЖдем соединений..прислано update..C:\Users\Виктор\Documents\Visual Studio 2015\Projects\Catpost VK Content\Catpost VK Content\bin\Debug\2,4Catpost VK ContentЖдем соединений..Ждем соединений..прислано update..C:\Users\Виктор\Documents\Visual Studio 2015\Projects\Catpost VK Content\Catpost VK Content\bin\Debug\2,4Catpost VK Content.vshost.exe7244процесс убитЖдем соединений..прислано update..C:\Users\Виктор\Documents\Visual Studio 2015\Projects\Catpost VK Content\Catpost VK Content\bin\Debug\2,4Catpost VK Content.vshost.exe5896процесс убитЖдем соединений..прислано update..C:\Users\Виктор\Documents\Visual Studio 2015\Projects\Catpost VK Content\Catpost VK Content\bin\Debug\2,4Catpost VK Content.vshost.exe4656процесс убитЖдем соединений..прислано update..C:\Users\Виктор\Documents\Visual Studio 2015\Projects\Catpost VK Content\Catpost VK Content\bin\Debug\2,4Catpost VK Content.vshost.exe4444процесс убитобновляю файл Xceed.Wpf.Toolkit.dllЖдем соединений..прислано update..C:\Users\Виктор\Documents\Visual Studio 2015\Projects\Catpost VK Content\Catpost VK Content\bin\Debug\2,4Catpost VK Content.vshost.exe4036процесс убитЖдем соединений..прислано update..C:\Users\Виктор\Documents\Visual Studio 2015\Projects\Catpost VK Content\Catpost VK Content\bin\Debug\2,4Catpost VK Content.vshost.exe7440Ждем соединений..прислано update..C:\Users\Виктор\Documents\Visual Studio 2015\Projects\Catpost VK Content\Catpost VK Content\bin\Debug\2,4Catpost VK Content.vshost.exe6348процесс убитЖдем соединений..прислано update..C:\Users\Виктор\Documents\Visual Studio 2015\Projects\Catpost VK Content\Catpost VK Content\bin\Debug\2,4Catpost VK Content.vshost.exe6532Ждем соединений..прислано update..C:\Users\Виктор\Documents\Visual Studio 2015\Projects\Catpost VK Content\Catpost VK Content\bin\Debug\2,4Catpost VK Content.vshost.exe2348процесс убитобновляю файл Updater.exeобновляю файл Catpost VK Content.exeЖдем соединений..прислано update..C:\Users\Виктор\Documents\Visual Studio 2015\Projects\Catpost VK Content\Catpost VK Content\bin\Debug\2,4Catpost VK Content.vshost.exe6960процесс убитобновляю файл Catpost VK Content.exeЖдем соединений..прислано update..C:\Users\Виктор\Documents\Visual Studio 2015\Projects\Catpost VK Content\Catpost VK Content\bin\Debug\2,4Catpost VK Content.vshost.exe2052процесс убитобновляю файл Catpost VK Content.exeЖдем соединений..прислано update..C:\Users\Виктор\Documents\Visual Studio 2015\Projects\Catpost VK Content\Catpost VK Content\bin\Debug\2,4Catpost VK Content.vshost.exe6660процесс убитобновляю файл Catpost VK Content.exeЖдем соединений..прислано update..C:\Users\Виктор\Documents\Visual Studio 2015\Projects\Catpost VK Content\Catpost VK Content\bin\Debug\2,4Catpost VK Content.vshost.exe7020процесс убитобновляю файл Catpost VK Content.exeЖдем соединений..прислано update..C:\Users\Виктор\Documents\Visual Studio 2015\Projects\Catpost VK Content\Catpost VK Content\bin\Debug\2,4Catpost VK Content.vshost.exe6948процесс убитобновляю файл Catpost VK Content.exeЖдем соединений..прислано update..C:\Users\Виктор\Documents\Visual Studio 2015\Projects\Catpost VK Content\Catpost VK Content\bin\Debug\2,4Catpost VK Content.vshost.exe8864процесс убитобновляю файл Catpost VK Content.exeЖдем соединений..прислано update..C:\Users\Виктор\Documents\Visual Studio 2015\Projects\Catpost VK Content\Catpost VK Content\bin\Debug\2,4Catpost VK Content.vshost.exe4980процесс убитобновляю файл Catpost VK Content.exeЖдем соединений..прислано update..C:\Users\Виктор\Documents\Visual Studio 2015\Projects\Catpost VK Content\Catpost VK Content\bin\Debug\2,4Catpost VK Content.vshost.exe6252процесс убитобновляю файл Catpost VK Content.exeЖдем соединений..
прислано update..
C:\Users\Виктор\documents\visual studio 2015\Projects\Catpost VK Content\Catpost VK Content\bin\Debug\
2,6
catpost_vk_content.vshost.exe
2680
процесс убит
обновляю файл Updater.exe
Ждем соединений..
прислано update..
C:\Users\Виктор\documents\visual studio 2015\Projects\Catpost VK Content\Catpost VK Content\bin\Debug\
2,6
catpost_vk_content.vshost.exe
6128
процесс убит
обновляю файл Updater.exe
Ждем соединений..
прислано update..
C:\Users\Виктор\documents\visual studio 2015\Projects\Catpost VK Content\Catpost VK Content\bin\Debug\
2,6
catpost_vk_content.vshost.exe
9024
процесс убит
обновляю файл Updater.exe
обновляю файл catpost_vk_content.version
обновляю файл catpost_vk_content.exe
процесс запущен
Ждем соединений..
прислано update..
C:\Users\Виктор\documents\visual studio 2015\Projects\Catpost VK Content\Catpost VK Content\bin\Debug\
2,6
catpost_vk_content.vshost.exe
5752
процесс убит
обновляю файл catpost_vk_content.exe
Ждем соединений..
прислано update..
C:\Users\Виктор\Documents\Visual Studio 2015\Projects\Catpost VK Content\Catpost VK Content\bin\Debug\
2,6
catpost_vk_content.exe
7852
процесс убит
обновляю файл Updater.exe
обновляю файл catpost_vk_content.exe
процесс запущен
Ждем соединений..
прислано update..
C:\Users\Виктор\Documents\Visual Studio 2015\Projects\Catpost VK Content\Catpost VK Content\bin\Debug\
2,6
catpost_vk_content.exe
360
процесс убит
Ждем соединений..
прислано update..
C:\Users\Виктор\Documents\Visual Studio 2015\Projects\Catpost VK Content\Catpost VK Content\bin\Debug\
2,6
catpost_vk_content.exe
5364
процесс убит
обновляю файл catpost_vk_content.exe
процесс запущен
Ждем соединений..
